-------------------------------------------------------------------------------
Test set: com.vytrack.runners.CukesRunner
-------------------------------------------------------------------------------
Tests run: 3, Failures: 1, Errors: 0, Skipped: 0, Time elapsed: 42.08 s <<< FAILURE! - in com.vytrack.runners.CukesRunner
Sales manager user(Account Types)  Time elapsed: 13.813 s  <<< FAILURE!
java.lang.AssertionError

